2020-07-04 20:19:55,997 desired_caps.py[line:32] INFO start app...
2020-07-04 20:20:13,828 desired_caps.py[line:32] INFO start app...
2020-07-04 20:21:15,794 desired_caps.py[line:32] INFO start app...
2020-07-04 20:21:27,238 common_fun.py[line:16] INFO ==========check_cancelBtn=========
2020-07-04 20:21:40,244 common_fun.py[line:20] INFO no cancelBtn
2020-07-04 20:21:40,244 common_fun.py[line:25] INFO =========check skipBtn=============
2020-07-04 20:21:50,981 common_fun.py[line:30] INFO no skipBtn
2020-07-04 20:22:09,302 desired_caps.py[line:32] INFO start app...
2020-07-04 20:22:20,649 common_fun.py[line:16] INFO ==========check_cancelBtn=========
2020-07-04 20:22:30,459 common_fun.py[line:20] INFO no cancelBtn
2020-07-04 20:22:30,461 common_fun.py[line:25] INFO =========check skipBtn=============
2020-07-04 20:22:43,258 desired_caps.py[line:32] INFO start app...
2020-07-04 20:22:53,568 common_fun.py[line:16] INFO ==========check_cancelBtn=========
2020-07-04 20:22:56,441 common_fun.py[line:25] INFO =========check skipBtn=============
2020-07-04 20:23:13,466 desired_caps.py[line:32] INFO start app...
2020-07-04 20:23:23,739 common_fun.py[line:16] INFO ==========check_cancelBtn=========
2020-07-04 20:23:26,568 common_fun.py[line:40] INFO swipeLeft
2020-07-04 20:23:42,352 desired_caps.py[line:32] INFO start app...
2020-07-04 20:23:52,794 common_fun.py[line:16] INFO ==========check_cancelBtn=========
2020-07-04 20:23:56,775 common_fun.py[line:40] INFO swipeLeft
2020-07-04 20:23:57,319 common_fun.py[line:55] INFO get startApp screenshot
2020-07-04 20:24:17,200 desired_caps.py[line:32] INFO start app...
2020-07-04 20:24:27,748 common_fun.py[line:16] INFO ==========check_cancelBtn=========
2020-07-04 20:24:31,726 common_fun.py[line:40] INFO swipeLeft
2020-07-04 20:24:32,271 common_fun.py[line:25] INFO =========check skipBtn=============
2020-07-04 20:24:33,847 common_fun.py[line:55] INFO get startApp screenshot
2020-07-04 20:43:48,388 desired_caps.py[line:32] INFO start app...
2020-07-04 20:43:57,785 common_fun.py[line:16] INFO ==========check_cancelBtn=========
2020-07-04 20:44:00,523 common_fun.py[line:25] INFO =========check skipBtn=============
2020-07-04 20:44:09,450 common_fun.py[line:30] INFO no skipBtn
2020-07-04 20:44:09,451 loginView.py[line:26] INFO ============login_action==============
2020-07-04 20:44:09,451 loginView.py[line:27] INFO username is:自学网2018
2020-07-04 20:44:14,846 loginView.py[line:30] INFO password is:zxw2018
2020-07-04 20:44:20,770 loginView.py[line:33] INFO click loginBtn
2020-07-04 20:44:21,463 loginView.py[line:35] INFO login finished!
2020-07-04 20:44:21,463 loginView.py[line:48] INFO ====check_loginStatus======
2020-07-04 20:44:21,463 common_fun.py[line:59] INFO ====check_market_ad====
2020-07-04 20:44:29,689 loginView.py[line:38] INFO =====check_account_alert====
2020-07-04 20:44:39,058 loginView.py[line:61] INFO login success!
2020-07-04 20:44:39,058 loginView.py[line:66] INFO =====logout_action======
2020-07-04 20:52:41,066 desired_caps.py[line:32] INFO start app...
2020-07-04 20:52:50,374 common_fun.py[line:16] INFO ==========check_cancelBtn=========
2020-07-04 20:52:52,881 common_fun.py[line:40] INFO swipeLeft
2020-07-04 20:52:53,420 common_fun.py[line:25] INFO =========check skipBtn=============
2020-07-04 20:53:04,913 common_fun.py[line:30] INFO no skipBtn
2020-07-04 20:53:04,914 loginView.py[line:27] INFO ============login_action==============
2020-07-04 20:53:04,914 loginView.py[line:28] INFO username is:自学网2018
2020-07-04 20:53:20,902 desired_caps.py[line:32] INFO start app...
2020-07-04 20:53:30,990 common_fun.py[line:16] INFO ==========check_cancelBtn=========
2020-07-04 20:53:34,035 common_fun.py[line:40] INFO swipeLeft
2020-07-04 20:53:34,558 common_fun.py[line:40] INFO swipeLeft
2020-07-04 20:53:35,099 common_fun.py[line:25] INFO =========check skipBtn=============
2020-07-04 20:53:51,324 desired_caps.py[line:32] INFO start app...
2020-07-04 20:54:01,128 common_fun.py[line:16] INFO ==========check_cancelBtn=========
2020-07-04 20:54:04,130 common_fun.py[line:40] INFO swipeLeft
2020-07-04 20:54:04,653 common_fun.py[line:25] INFO =========check skipBtn=============
2020-07-04 20:54:13,059 common_fun.py[line:30] INFO no skipBtn
2020-07-04 20:54:13,059 loginView.py[line:28] INFO ============login_action==============
2020-07-04 20:54:13,059 loginView.py[line:29] INFO username is:自学网2018
2020-07-04 20:58:49,362 desired_caps.py[line:32] INFO start app...
2020-07-04 20:58:59,405 common_fun.py[line:16] INFO ==========check_cancelBtn=========
2020-07-04 20:59:03,734 common_fun.py[line:50] INFO swipeLeft
2020-07-04 20:59:04,295 common_fun.py[line:50] INFO swipeLeft
2020-07-04 20:59:04,828 common_fun.py[line:35] INFO ==========check_startBtn=============
2020-07-04 20:59:28,301 desired_caps.py[line:32] INFO start app...
2020-07-04 20:59:35,795 common_fun.py[line:16] INFO ==========check_cancelBtn=========
2020-07-04 20:59:38,566 common_fun.py[line:50] INFO swipeLeft
2020-07-04 20:59:39,617 common_fun.py[line:50] INFO swipeLeft
2020-07-04 20:59:40,189 common_fun.py[line:35] INFO ==========check_startBtn=============
2020-07-04 20:59:41,612 loginView.py[line:32] INFO ============login_action==============
2020-07-04 20:59:41,612 loginView.py[line:33] INFO username is:自学网2018
2020-07-04 20:59:47,422 loginView.py[line:36] INFO password is:34454
2020-07-04 20:59:52,873 loginView.py[line:39] INFO click loginBtn
2020-07-04 20:59:53,566 loginView.py[line:41] INFO login finished!
2020-07-04 20:59:53,566 loginView.py[line:54] INFO ====check_loginStatus======
2020-07-04 20:59:53,567 common_fun.py[line:69] INFO ====check_market_ad====
2020-07-04 21:00:01,752 loginView.py[line:44] INFO =====check_account_alert====
2020-07-04 21:00:18,234 loginView.py[line:63] ERROR login Fail!
2020-07-04 21:00:18,234 common_fun.py[line:65] INFO get login fail screenshot
2020-07-04 21:10:18,477 desired_caps.py[line:32] INFO start app...
2020-07-04 21:10:27,117 common_fun.py[line:16] INFO ==========check_cancelBtn=========
2020-07-04 21:10:34,269 common_fun.py[line:50] INFO swipeLeft
2020-07-04 21:10:35,308 common_fun.py[line:50] INFO swipeLeft
2020-07-04 21:10:35,893 common_fun.py[line:35] INFO ==========check_startBtn=============
2020-07-04 21:10:52,533 desired_caps.py[line:32] INFO start app...
2020-07-04 21:11:02,541 common_fun.py[line:16] INFO ==========check_cancelBtn=========
2020-07-04 21:11:05,370 common_fun.py[line:50] INFO swipeLeft
2020-07-04 21:11:06,419 common_fun.py[line:50] INFO swipeLeft
2020-07-04 21:11:06,974 common_fun.py[line:35] INFO ==========check_startBtn=============
2020-07-04 21:11:23,719 common_fun.py[line:39] INFO no startBtn
2020-07-04 21:11:23,719 loginView.py[line:32] INFO ============login_action==============
2020-07-04 21:11:23,720 loginView.py[line:33] INFO username is:自学网2018
2020-07-04 21:11:43,070 desired_caps.py[line:32] INFO start app...
2020-07-04 21:11:52,630 common_fun.py[line:16] INFO ==========check_cancelBtn=========
2020-07-04 21:12:03,255 desired_caps.py[line:32] INFO start app...
2020-07-04 21:12:13,055 common_fun.py[line:16] INFO ==========check_cancelBtn=========
2020-07-04 21:12:15,606 common_fun.py[line:50] INFO swipeLeft
2020-07-04 21:12:16,638 common_fun.py[line:50] INFO swipeLeft
2020-07-04 21:12:17,196 common_fun.py[line:35] INFO ==========check_startBtn=============
2020-07-04 21:12:18,620 registerView.py[line:57] INFO ======开始注册======
2020-07-04 21:12:19,505 registerView.py[line:60] INFO 设置头像
2020-07-04 21:14:30,896 desired_caps.py[line:32] INFO start app...
2020-07-04 21:14:39,486 common_fun.py[line:16] INFO ==========check_cancelBtn=========
2020-07-04 21:14:42,103 common_fun.py[line:50] INFO swipeLeft
2020-07-04 21:14:43,122 common_fun.py[line:50] INFO swipeLeft
2020-07-04 21:14:43,646 common_fun.py[line:35] INFO ==========check_startBtn=============
2020-07-04 21:14:51,693 common_fun.py[line:39] INFO no startBtn
2020-07-04 21:14:51,693 registerView.py[line:57] INFO ======开始注册======
2020-07-04 21:14:52,019 registerView.py[line:60] INFO 设置头像
2020-07-04 21:18:03,871 desired_caps.py[line:32] INFO start app...
2020-07-04 21:18:13,557 common_fun.py[line:16] INFO ==========check_cancelBtn=========
2020-07-04 21:18:17,501 common_fun.py[line:50] INFO swipeLeft
2020-07-04 21:18:18,513 common_fun.py[line:50] INFO swipeLeft
2020-07-04 21:18:19,045 common_fun.py[line:35] INFO ==========check_startBtn=============
2020-07-04 21:18:27,609 common_fun.py[line:39] INFO no startBtn
2020-07-04 21:18:27,609 registerView.py[line:57] INFO ======开始注册======
2020-07-04 21:18:27,814 registerView.py[line:65] INFO username is zxw2018fly4784
2020-07-04 21:18:33,274 registerView.py[line:68] INFO password is zxw20187198
2020-07-04 21:18:39,011 registerView.py[line:71] INFO email is 51zxw6509@163.com
2020-07-04 21:18:53,506 registerView.py[line:79] ERROR 注册失败 !
2020-07-04 21:18:53,507 common_fun.py[line:65] INFO get 注册失败 screenshot
2020-07-04 21:58:38,294 desired_caps.py[line:32] INFO start app...
2020-07-04 21:58:47,850 common_fun.py[line:16] INFO ==========check_cancelBtn=========
2020-07-04 21:58:51,839 common_fun.py[line:50] INFO swipeLeft
2020-07-04 21:58:52,904 common_fun.py[line:50] INFO swipeLeft
2020-07-04 21:58:53,446 common_fun.py[line:35] INFO ==========check_startBtn=============
2020-07-04 21:59:01,985 common_fun.py[line:39] INFO no startBtn
2020-07-04 21:59:01,985 registerView.py[line:57] INFO ======开始注册======
2020-07-04 21:59:02,347 registerView.py[line:65] INFO username is zxw2018fly6744
2020-07-04 21:59:08,461 registerView.py[line:68] INFO password is zxw20181245
2020-07-04 21:59:14,006 registerView.py[line:71] INFO email is 51zxw7208@163.com
2020-07-04 21:59:29,113 registerView.py[line:79] ERROR 注册失败 !
2020-07-04 21:59:29,113 common_fun.py[line:65] INFO get 注册失败 screenshot
2020-07-05 10:29:50,522 myunite.py[line:8] INFO =====setUp====
2020-07-05 10:29:50,547 desired_caps.py[line:32] INFO start app...
2020-07-05 10:30:01,286 test_register.py[line:7] INFO =======test_user_register=======
2020-07-05 10:30:01,287 common_fun.py[line:16] INFO ==========check_cancelBtn=========
2020-07-05 10:30:07,678 common_fun.py[line:50] INFO swipeLeft
2020-07-05 10:30:08,831 common_fun.py[line:50] INFO swipeLeft
2020-07-05 10:30:09,350 common_fun.py[line:35] INFO ==========check_startBtn=============
2020-07-05 10:30:17,889 common_fun.py[line:39] INFO no startBtn
2020-07-05 10:30:17,889 registerView.py[line:57] INFO ======开始注册======
2020-07-05 10:30:18,242 registerView.py[line:65] INFO username is zxw2018fly3052
2020-07-05 10:30:23,627 registerView.py[line:68] INFO password is zxw20184289
2020-07-05 10:30:30,070 registerView.py[line:71] INFO email is 51zxw2294@163.com
2020-07-05 10:30:38,515 registerView.py[line:94] INFO ======完善用户信息=====
2020-07-05 10:30:38,515 registerView.py[line:96] INFO 选择学校...
2020-07-05 10:30:38,844 myunite.py[line:12] INFO ====tearDown====
2020-07-05 10:38:02,670 myunite.py[line:8] INFO =====setUp====
2020-07-05 10:38:02,676 desired_caps.py[line:32] INFO start app...
2020-07-05 10:38:12,732 test_register.py[line:7] INFO =======test_user_register=======
2020-07-05 10:38:12,732 common_fun.py[line:16] INFO ==========check_cancelBtn=========
2020-07-05 10:38:15,540 common_fun.py[line:50] INFO swipeLeft
2020-07-05 10:38:16,580 common_fun.py[line:50] INFO swipeLeft
2020-07-05 10:38:17,114 common_fun.py[line:35] INFO ==========check_startBtn=============
2020-07-05 10:38:25,126 common_fun.py[line:39] INFO no startBtn
2020-07-05 10:38:25,127 registerView.py[line:57] INFO ======开始注册======
2020-07-05 10:38:25,473 registerView.py[line:65] INFO username is zxw2018fly8548
2020-07-05 10:38:30,930 registerView.py[line:68] INFO password is zxw20184949
2020-07-05 10:38:36,643 registerView.py[line:71] INFO email is 51zxw1103@163.com
2020-07-05 10:38:44,206 registerView.py[line:94] INFO ======完善用户信息=====
2020-07-05 10:38:44,207 registerView.py[line:96] INFO 选择学校...
2020-07-05 10:38:44,558 myunite.py[line:12] INFO ====tearDown====
2020-07-05 10:40:54,019 myunite.py[line:8] INFO =====setUp====
2020-07-05 10:40:54,027 desired_caps.py[line:32] INFO start app...
2020-07-05 10:41:04,076 test_register.py[line:7] INFO =======test_user_register=======
2020-07-05 10:41:04,076 common_fun.py[line:16] INFO ==========check_cancelBtn=========
2020-07-05 10:41:07,039 common_fun.py[line:50] INFO swipeLeft
2020-07-05 10:41:08,063 common_fun.py[line:50] INFO swipeLeft
2020-07-05 10:41:08,613 common_fun.py[line:35] INFO ==========check_startBtn=============
2020-07-05 10:41:16,649 common_fun.py[line:39] INFO no startBtn
2020-07-05 10:41:16,650 registerView.py[line:57] INFO ======开始注册======
2020-07-05 10:41:17,050 registerView.py[line:65] INFO username is zxw2018fly7865
2020-07-05 10:41:23,005 registerView.py[line:68] INFO password is zxw20187027
2020-07-05 10:41:29,687 registerView.py[line:71] INFO email is 51zxw7852@163.com
2020-07-05 10:41:37,192 registerView.py[line:94] INFO ======完善用户信息=====
2020-07-05 10:41:37,193 registerView.py[line:96] INFO 选择学校...
2020-07-05 10:41:40,129 registerView.py[line:101] INFO 选择专业...
2020-07-05 10:41:46,972 registerView.py[line:114] INFO =====检查注册状态=====
2020-07-05 10:41:46,972 common_fun.py[line:69] INFO ====check_market_ad====
2020-07-05 10:41:48,598 common_fun.py[line:75] INFO close market ad
2020-07-05 10:41:51,597 registerView.py[line:124] INFO register success!
2020-07-05 10:41:51,597 myunite.py[line:12] INFO ====tearDown====
2020-07-05 10:52:17,176 myunite.py[line:8] INFO =====setUp====
2020-07-05 10:52:17,181 desired_caps.py[line:32] INFO start app...
2020-07-05 10:52:27,646 test_login.py[line:10] INFO ======test_login_zxw2018=====
2020-07-05 10:52:27,646 common_fun.py[line:79] INFO =====get_csv_data======
2020-07-05 10:52:27,651 common_fun.py[line:16] INFO ==========check_cancelBtn=========
2020-07-05 10:52:31,669 common_fun.py[line:50] INFO swipeLeft
2020-07-05 10:52:32,713 common_fun.py[line:50] INFO swipeLeft
2020-07-05 10:52:33,229 common_fun.py[line:35] INFO ==========check_startBtn=============
2020-07-05 10:52:41,501 common_fun.py[line:39] INFO no startBtn
2020-07-05 10:52:41,501 loginView.py[line:32] INFO ============login_action==============
2020-07-05 10:52:41,501 loginView.py[line:33] INFO username is:自学网2018
2020-07-05 10:52:46,645 loginView.py[line:36] INFO password is:zxw2018
2020-07-05 10:52:52,059 loginView.py[line:39] INFO click loginBtn
2020-07-05 10:52:52,745 loginView.py[line:41] INFO login finished!
2020-07-05 10:52:52,745 loginView.py[line:54] INFO ====check_loginStatus======
2020-07-05 10:52:52,746 common_fun.py[line:69] INFO ====check_market_ad====
2020-07-05 10:53:01,305 loginView.py[line:44] INFO =====check_account_alert====
2020-07-05 10:53:11,235 loginView.py[line:67] INFO login success!
2020-07-05 10:53:11,235 loginView.py[line:72] INFO =====logout_action======
2020-07-05 10:53:13,956 myunite.py[line:12] INFO ====tearDown====
2020-07-05 10:54:27,246 myunite.py[line:8] INFO =====setUp====
2020-07-05 10:54:27,249 desired_caps.py[line:32] INFO start app...
2020-07-05 10:54:36,095 test_login.py[line:19] INFO ======test_login_zxw2017=====
2020-07-05 10:54:36,095 common_fun.py[line:79] INFO =====get_csv_data======
2020-07-05 10:54:36,098 common_fun.py[line:16] INFO ==========check_cancelBtn=========
2020-07-05 10:54:40,316 common_fun.py[line:50] INFO swipeLeft
2020-07-05 10:54:41,379 common_fun.py[line:50] INFO swipeLeft
2020-07-05 10:54:41,930 common_fun.py[line:35] INFO ==========check_startBtn=============
2020-07-05 10:54:49,974 common_fun.py[line:39] INFO no startBtn
2020-07-05 10:54:49,974 loginView.py[line:32] INFO ============login_action==============
2020-07-05 10:54:49,975 loginView.py[line:33] INFO username is:自学网2017
2020-07-05 10:54:55,772 loginView.py[line:36] INFO password is:zxw2017
2020-07-05 10:55:01,246 loginView.py[line:39] INFO click loginBtn
2020-07-05 10:55:01,928 loginView.py[line:41] INFO login finished!
2020-07-05 10:55:01,929 loginView.py[line:54] INFO ====check_loginStatus======
2020-07-05 10:55:01,929 common_fun.py[line:69] INFO ====check_market_ad====
2020-07-05 10:55:10,125 loginView.py[line:44] INFO =====check_account_alert====
2020-07-05 10:55:19,998 loginView.py[line:67] INFO login success!
2020-07-05 10:55:19,998 loginView.py[line:72] INFO =====logout_action======
2020-07-05 10:55:22,532 myunite.py[line:12] INFO ====tearDown====
2020-07-05 11:02:24,292 myunite.py[line:8] INFO =====setUp====
2020-07-05 11:02:24,298 desired_caps.py[line:32] INFO start app...
2020-07-05 11:02:34,693 test_login.py[line:27] INFO ======test_login_error=====
2020-07-05 11:02:34,693 common_fun.py[line:79] INFO =====get_csv_data======
2020-07-05 11:02:34,696 common_fun.py[line:16] INFO ==========check_cancelBtn=========
2020-07-05 11:02:36,098 common_fun.py[line:50] INFO swipeLeft
2020-07-05 11:02:37,097 common_fun.py[line:50] INFO swipeLeft
2020-07-05 11:02:37,675 common_fun.py[line:35] INFO ==========check_startBtn=============
2020-07-05 11:02:46,314 common_fun.py[line:39] INFO no startBtn
2020-07-05 11:02:46,314 loginView.py[line:32] INFO ============login_action==============
2020-07-05 11:02:46,314 loginView.py[line:33] INFO username is:666
2020-07-05 11:02:51,422 loginView.py[line:36] INFO password is:222
2020-07-05 11:02:56,860 loginView.py[line:39] INFO click loginBtn
2020-07-05 11:02:57,532 loginView.py[line:41] INFO login finished!
2020-07-05 11:02:57,532 loginView.py[line:54] INFO ====check_loginStatus======
2020-07-05 11:02:57,532 common_fun.py[line:69] INFO ====check_market_ad====
2020-07-05 11:03:05,938 loginView.py[line:44] INFO =====check_account_alert====
2020-07-05 11:03:22,733 loginView.py[line:63] ERROR login Fail!
2020-07-05 11:03:22,733 common_fun.py[line:65] INFO get login fail screenshot
2020-07-05 11:03:24,184 myunite.py[line:12] INFO ====tearDown====
2020-07-05 11:20:59,335 run.py[line:18] INFO start run test case...
2020-07-05 11:20:59,335 myunite.py[line:8] INFO =====setUp====
2020-07-05 11:20:59,342 myunite.py[line:8] INFO =====setUp====
2020-07-05 11:20:59,343 desired_caps.py[line:32] INFO start app...
2020-07-05 11:21:08,420 test_login.py[line:20] INFO ======test_login_zxw2017=====
2020-07-05 11:21:08,420 common_fun.py[line:79] INFO =====get_csv_data======
2020-07-05 11:21:08,423 common_fun.py[line:16] INFO ==========check_cancelBtn=========
2020-07-05 11:21:12,686 common_fun.py[line:50] INFO swipeLeft
2020-07-05 11:21:13,729 common_fun.py[line:50] INFO swipeLeft
2020-07-05 11:21:14,258 common_fun.py[line:35] INFO ==========check_startBtn=============
2020-07-05 11:21:22,552 common_fun.py[line:39] INFO no startBtn
2020-07-05 11:21:22,552 loginView.py[line:32] INFO ============login_action==============
2020-07-05 11:21:22,552 loginView.py[line:33] INFO username is:自学网2017
2020-07-05 11:21:28,228 loginView.py[line:36] INFO password is:zxw2017
2020-07-05 11:21:33,658 loginView.py[line:39] INFO click loginBtn
2020-07-05 11:21:34,349 loginView.py[line:41] INFO login finished!
2020-07-05 11:21:34,349 loginView.py[line:54] INFO ====check_loginStatus======
2020-07-05 11:21:34,349 common_fun.py[line:69] INFO ====check_market_ad====
2020-07-05 11:21:42,685 loginView.py[line:44] INFO =====check_account_alert====
2020-07-05 11:21:53,309 loginView.py[line:67] INFO login success!
2020-07-05 11:21:53,309 loginView.py[line:72] INFO =====logout_action======
2020-07-05 11:21:56,082 myunite.py[line:12] INFO ====tearDown====
2020-07-05 11:22:01,320 myunite.py[line:8] INFO =====setUp====
2020-07-05 11:22:01,324 desired_caps.py[line:32] INFO start app...
2020-07-05 11:22:11,560 test_login.py[line:12] INFO ======test_login_zxw2018=====
2020-07-05 11:22:11,560 common_fun.py[line:79] INFO =====get_csv_data======
2020-07-05 11:22:11,561 common_fun.py[line:16] INFO ==========check_cancelBtn=========
2020-07-05 11:22:15,638 common_fun.py[line:50] INFO swipeLeft
2020-07-05 11:22:16,683 common_fun.py[line:50] INFO swipeLeft
2020-07-05 11:22:17,201 common_fun.py[line:35] INFO ==========check_startBtn=============
2020-07-05 11:22:25,331 common_fun.py[line:39] INFO no startBtn
2020-07-05 11:22:25,331 loginView.py[line:32] INFO ============login_action==============
2020-07-05 11:22:25,331 loginView.py[line:33] INFO username is:自学网2018
2020-07-05 11:22:30,593 loginView.py[line:36] INFO password is:zxw2018
2020-07-05 11:22:35,944 loginView.py[line:39] INFO click loginBtn
2020-07-05 11:22:36,756 loginView.py[line:41] INFO login finished!
2020-07-05 11:22:36,756 loginView.py[line:54] INFO ====check_loginStatus======
2020-07-05 11:22:36,756 common_fun.py[line:69] INFO ====check_market_ad====
2020-07-05 11:22:45,506 loginView.py[line:44] INFO =====check_account_alert====
2020-07-05 11:22:55,302 loginView.py[line:67] INFO login success!
2020-07-05 11:22:55,302 loginView.py[line:72] INFO =====logout_action======
2020-07-05 11:22:57,913 myunite.py[line:12] INFO ====tearDown====
2020-07-05 12:05:38,051 run.py[line:25] INFO start run test case...
2020-07-05 12:05:38,065 myunite.py[line:8] INFO =====setUp====
2020-07-05 12:05:38,071 desired_caps.py[line:32] INFO start app...
2020-07-05 12:06:01,471 test_login.py[line:28] INFO ======test_login_error=====
2020-07-05 12:06:01,472 common_fun.py[line:79] INFO =====get_csv_data======
2020-07-05 12:06:01,475 common_fun.py[line:16] INFO ==========check_cancelBtn=========
2020-07-05 12:06:02,267 common_fun.py[line:50] INFO swipeLeft
2020-07-05 12:06:04,068 common_fun.py[line:50] INFO swipeLeft
2020-07-05 12:06:05,488 common_fun.py[line:35] INFO ==========check_startBtn=============
2020-07-05 12:06:05,972 loginView.py[line:32] INFO ============login_action==============
2020-07-05 12:06:05,972 loginView.py[line:33] INFO username is:666
2020-07-05 12:06:08,009 loginView.py[line:36] INFO password is:222
2020-07-05 12:06:09,617 loginView.py[line:39] INFO click loginBtn
2020-07-05 12:06:10,201 loginView.py[line:41] INFO login finished!
2020-07-05 12:06:10,201 loginView.py[line:54] INFO ====check_loginStatus======
2020-07-05 12:06:10,202 common_fun.py[line:69] INFO ====check_market_ad====
2020-07-05 12:06:18,233 loginView.py[line:44] INFO =====check_account_alert====
2020-07-05 12:08:29,832 myunite.py[line:12] INFO ====tearDown====
2020-07-05 12:08:47,884 myunite.py[line:8] INFO =====setUp====
2020-07-05 12:08:47,886 desired_caps.py[line:32] INFO start app...
2020-07-05 12:08:59,855 test_login.py[line:20] INFO ======test_login_zxw2017=====
2020-07-05 12:08:59,855 common_fun.py[line:79] INFO =====get_csv_data======
2020-07-05 12:08:59,856 common_fun.py[line:16] INFO ==========check_cancelBtn=========
2020-07-05 12:09:01,288 common_fun.py[line:50] INFO swipeLeft
2020-07-05 12:09:03,129 common_fun.py[line:50] INFO swipeLeft
2020-07-05 12:09:04,505 common_fun.py[line:35] INFO ==========check_startBtn=============
2020-07-05 12:09:04,973 loginView.py[line:32] INFO ============login_action==============
2020-07-05 12:09:04,973 loginView.py[line:33] INFO username is:自学网2017
2020-07-05 12:09:06,504 loginView.py[line:36] INFO password is:zxw2017
2020-07-05 12:09:07,629 loginView.py[line:39] INFO click loginBtn
2020-07-05 12:09:08,236 loginView.py[line:41] INFO login finished!
2020-07-05 12:09:08,237 loginView.py[line:54] INFO ====check_loginStatus======
2020-07-05 12:09:08,239 common_fun.py[line:69] INFO ====check_market_ad====
2020-07-05 12:09:16,320 loginView.py[line:44] INFO =====check_account_alert====
2020-07-05 12:09:25,240 loginView.py[line:67] INFO login success!
2020-07-05 12:09:25,240 loginView.py[line:72] INFO =====logout_action======
2020-07-05 12:09:28,012 myunite.py[line:12] INFO ====tearDown====
2020-07-05 12:09:33,182 myunite.py[line:8] INFO =====setUp====
2020-07-05 12:09:33,186 desired_caps.py[line:32] INFO start app...
2020-07-05 12:09:43,880 test_login.py[line:12] INFO ======test_login_zxw2018=====
2020-07-05 12:09:43,880 common_fun.py[line:79] INFO =====get_csv_data======
2020-07-05 12:09:43,882 common_fun.py[line:16] INFO ==========check_cancelBtn=========
2020-07-05 12:09:44,576 common_fun.py[line:50] INFO swipeLeft
2020-07-05 12:09:46,380 common_fun.py[line:50] INFO swipeLeft
2020-07-05 12:09:47,785 common_fun.py[line:35] INFO ==========check_startBtn=============
2020-07-05 12:09:48,274 loginView.py[line:32] INFO ============login_action==============
2020-07-05 12:09:48,274 loginView.py[line:33] INFO username is:自学网2018
2020-07-05 12:09:49,827 loginView.py[line:36] INFO password is:zxw2018
2020-07-05 12:09:50,937 loginView.py[line:39] INFO click loginBtn
2020-07-05 12:09:51,541 loginView.py[line:41] INFO login finished!
2020-07-05 12:09:51,542 loginView.py[line:54] INFO ====check_loginStatus======
2020-07-05 12:09:51,543 common_fun.py[line:69] INFO ====check_market_ad====
2020-07-05 12:09:59,925 loginView.py[line:44] INFO =====check_account_alert====
2020-07-05 12:10:09,414 loginView.py[line:67] INFO login success!
2020-07-05 12:10:09,415 loginView.py[line:72] INFO =====logout_action======
2020-07-05 12:10:11,675 myunite.py[line:12] INFO ====tearDown====
